<?xml version="1.0" encoding="UTF-8"?>
<testng-results skipped="0" failed="0" ignored="0" total="3" passed="3">
  <reporter-output>
  </reporter-output>
  <suite name="Suite REST API" duration-ms="4098" started-at="2019-06-07T14:44:04Z" finished-at="2019-06-07T14:44:08Z">
    <groups>
    </groups>
    <test name="REST API" duration-ms="4098" started-at="2019-06-07T14:44:04Z" finished-at="2019-06-07T14:44:08Z">
      <class name="TestFramework.F_Jira_1_Add_Issue">
        <test-method status="PASS" signature="getDataProp()[pri:0, instance:TestFramework.F_Jira_1_Add_Issue@6f1de4c7]" name="getDataProp" is-config="true" duration-ms="12" started-at="2019-06-07T14:44:04Z" finished-at="2019-06-07T14:44:04Z">
          <reporter-output>
          </reporter-output>
        </test-method> <!-- getDataProp -->
        <test-method status="PASS" signature="getDataProp()[pri:0, instance:TestFramework.G_Jira_2_Add_Comment@128d2484]" name="getDataProp" is-config="true" duration-ms="1" started-at="2019-06-07T14:44:04Z" finished-at="2019-06-07T14:44:04Z">
          <reporter-output>
          </reporter-output>
        </test-method> <!-- getDataProp -->
        <test-method status="PASS" signature="getDataProp()[pri:0, instance:TestFramework.H_Jira_3_Update_Comment@459e9125]" name="getDataProp" is-config="true" duration-ms="0" started-at="2019-06-07T14:44:04Z" finished-at="2019-06-07T14:44:04Z">
          <reporter-output>
          </reporter-output>
        </test-method> <!-- getDataProp -->
        <test-method status="PASS" signature="JiraAPICreateIssue()[pri:0, instance:TestFramework.F_Jira_1_Add_Issue@6f1de4c7]" name="JiraAPICreateIssue" duration-ms="2967" started-at="2019-06-07T14:44:04Z" finished-at="2019-06-07T14:44:07Z">
          <reporter-output>
          </reporter-output>
        </test-method> <!-- JiraAPICreateIssue -->
      </class> <!-- TestFramework.F_Jira_1_Add_Issue -->
      <class name="TestFramework.H_Jira_3_Update_Comment">
        <test-method status="PASS" signature="JiraAPIUpdate()[pri:0, instance:TestFramework.H_Jira_3_Update_Comment@459e9125]" name="JiraAPIUpdate" duration-ms="698" started-at="2019-06-07T14:44:07Z" finished-at="2019-06-07T14:44:08Z">
          <reporter-output>
          </reporter-output>
        </test-method> <!-- JiraAPIUpdate -->
      </class> <!-- TestFramework.H_Jira_3_Update_Comment -->
      <class name="TestFramework.G_Jira_2_Add_Comment">
        <test-method status="PASS" signature="JiraAPICreateComment()[pri:0, instance:TestFramework.G_Jira_2_Add_Comment@128d2484]" name="JiraAPICreateComment" duration-ms="377" started-at="2019-06-07T14:44:08Z" finished-at="2019-06-07T14:44:08Z">
          <reporter-output>
          </reporter-output>
        </test-method> <!-- JiraAPICreateComment -->
      </class> <!-- TestFramework.G_Jira_2_Add_Comment -->
    </test> <!-- REST API -->
  </suite> <!-- Suite REST API -->
</testng-results>
