<?xml version="1.0" encoding="UTF-8"?>
<!-- Generated by org.testng.reporters.JUnitXMLReporter -->
<testsuite hostname="DESB1259" ignored="0" name="REST API" tests="3" failures="0" timestamp="07 jun 2019 14:44:08 GMT" time="4.098" errors="0">
  <testcase name="JiraAPICreateIssue" time="2.967" classname="TestFramework.F_Jira_1_Add_Issue"/>
  <testcase name="JiraAPIUpdate" time="0.698" classname="TestFramework.H_Jira_3_Update_Comment"/>
  <testcase name="JiraAPICreateComment" time="0.377" classname="TestFramework.G_Jira_2_Add_Comment"/>
</testsuite> <!-- REST API -->
