<?xml version="1.0" encoding="UTF-8"?>
<!-- Generated by org.testng.reporters.JUnitXMLReporter -->
<testsuite hostname="DESB1259" ignored="0" name="REST API" tests="6" failures="0" timestamp="06 jun 2019 15:54:07 GMT" time="6.081" errors="0">
  <testcase name="JiraAPICreateIssue" time="3.513" classname="TestFramework.F_Jira_1_Add_Issue"/>
  <testcase name="AddandDeletePlace" time="0.948" classname="TestFramework.C_POST_Add_and_Delete_Test_Centralized"/>
  <testcase name="JiraAPIUpdate" time="0.47" classname="TestFramework.H_Jira_3_Update_Comment"/>
  <testcase name="JiraAPICreateComment" time="0.221" classname="TestFramework.G_Jira_2_Add_Comment"/>
  <testcase name="postDataXML" time="0.476" classname="TestFramework.D_Basics_post_XML_file"/>
  <testcase name="createPlaceAPI" time="0.391" classname="TestFramework.B_Basics_POST"/>
</testsuite> <!-- REST API -->
